<?xml version="1.0" encoding="UTF-8"?>
<!-- Generated by org.testng.reporters.JUnitReportReporter -->
<testsuite skipped="3" hostname="DESKTOP-GQ552RE" name="com.qa.tests.GetListOfUsersTest" tests="5" failures="0" timestamp="10 Jul 2019 11:40:34 GMT" time="1.101" errors="0">
  <testcase name="GetResponseOfListOfUsersTest" time="1.099" classname="com.qa.tests.GetListOfUsersTest"/>
  <testcase name="readJSONArray" time="0.002" classname="com.qa.tests.GetListOfUsersTest"/>
  <testcase name="getJSONStringTest" classname="com.qa.tests.GetListOfUsersTest">
    <skipped/>
  </testcase> <!-- getJSONStringTest -->
  <testcase name="getHeadersTest" classname="com.qa.tests.GetListOfUsersTest">
    <skipped/>
  </testcase> <!-- getHeadersTest -->
  <testcase name="GetStatusCodeOfListOfUsersTest" classname="com.qa.tests.GetListOfUsersTest">
    <skipped/>
  </testcase> <!-- GetStatusCodeOfListOfUsersTest -->
</testsuite> <!-- com.qa.tests.GetListOfUsersTest -->
